[2025-01-22 03:39:09,354: INFO: main: >>>>>> stage Data Ingestion Stage started <<<<<<]
[2025-01-22 03:39:09,356: INFO: common: yaml file: config\config.yaml loaded successfully]
[2025-01-22 03:39:09,357: INFO: common: yaml file: params.yaml loaded successfully]
[2025-01-22 03:39:09,359: INFO: common: yaml file: schema.yaml loaded successfully]
[2025-01-22 03:39:09,360: INFO: common: created directory at: artifacts]
[2025-01-22 03:39:09,360: INFO: common: created directory at: artifacts/data_ingestion]
[2025-01-22 03:39:09,816: INFO: data_ingestion: artifacts/data_ingestion/data.zip download! with following info: 
Connection: close
Content-Length: 23329
Cache-Control: max-age=300
Content-Security-Policy: default-src 'none'; style-src 'unsafe-inline'; sandbox
Content-Type: application/zip
ETag: "c69888a4ae59bc5a893392785a938ccd4937981c06ba8a9d6a21aa52b4ab5b6e"
Strict-Transport-Security: max-age=31536000
X-Content-Type-Options: nosniff
X-Frame-Options: deny
X-XSS-Protection: 1; mode=block
X-GitHub-Request-Id: A784:2A9CC9:64D89:8A611:6790024C
Accept-Ranges: bytes
Date: Tue, 21 Jan 2025 22:09:09 GMT
Via: 1.1 varnish
X-Served-By: cache-del21741-DEL
X-Cache: HIT
X-Cache-Hits: 0
X-Timer: S1737497350.825516,VS0,VE1
Vary: Authorization,Accept-Encoding,Origin
Access-Control-Allow-Origin: *
Cross-Origin-Resource-Policy: cross-origin
X-Fastly-Request-ID: 1fd2c4ef19460d76714bb9398a7e7910a3005ce6
Expires: Tue, 21 Jan 2025 22:14:09 GMT
Source-Age: 75

]
[2025-01-22 03:39:09,841: INFO: main: >>>>>> stage: Data Ingestion Stage completed<<<<<<<

x=====================================x]
[2025-01-22 03:39:09,841: INFO: main: >>>>>> stage Data Validation Stage started <<<<<<]
[2025-01-22 03:39:09,845: INFO: common: yaml file: config\config.yaml loaded successfully]
[2025-01-22 03:39:09,846: INFO: common: yaml file: params.yaml loaded successfully]
[2025-01-22 03:39:09,848: INFO: common: yaml file: schema.yaml loaded successfully]
[2025-01-22 03:39:09,849: INFO: common: created directory at: artifacts]
[2025-01-22 03:39:09,850: INFO: common: created directory at: artifacts/data_validation]
[2025-01-22 03:39:09,871: INFO: main: >>>>>> stage: Data Validation Stage completed<<<<<

x==============x]
[2025-01-22 03:40:32,455: INFO: main: >>>>>> stage Data Ingestion Stage started <<<<<<]
[2025-01-22 03:40:32,457: INFO: common: yaml file: config\config.yaml loaded successfully]
[2025-01-22 03:40:32,458: INFO: common: yaml file: params.yaml loaded successfully]
[2025-01-22 03:40:32,460: INFO: common: yaml file: schema.yaml loaded successfully]
[2025-01-22 03:40:32,461: INFO: common: created directory at: artifacts]
[2025-01-22 03:40:32,461: INFO: common: created directory at: artifacts/data_ingestion]
[2025-01-22 03:40:32,461: INFO: data_ingestion: File already exists]
[2025-01-22 03:40:32,464: INFO: main: >>>>>> stage: Data Ingestion Stage completed<<<<<<<

x=====================================x]
[2025-01-22 03:40:32,464: INFO: main: >>>>>> stage Data Validation Stage started <<<<<<]
[2025-01-22 03:40:32,467: INFO: common: yaml file: config\config.yaml loaded successfully]
[2025-01-22 03:40:32,468: INFO: common: yaml file: params.yaml loaded successfully]
[2025-01-22 03:40:32,470: INFO: common: yaml file: schema.yaml loaded successfully]
[2025-01-22 03:40:32,470: INFO: common: created directory at: artifacts]
[2025-01-22 03:40:32,471: INFO: common: created directory at: artifacts/data_validation]
[2025-01-22 03:40:32,490: INFO: main: >>>>>> stage: Data Validation Stage completed<<<<<

x====================================x]
[2025-01-22 03:46:09,024: INFO: main: >>>>>> stage Data Ingestion Stage started <<<<<<]
[2025-01-22 03:46:09,027: INFO: common: yaml file: config\config.yaml loaded successfully]
[2025-01-22 03:46:09,028: INFO: common: yaml file: params.yaml loaded successfully]
[2025-01-22 03:46:09,030: INFO: common: yaml file: schema.yaml loaded successfully]
[2025-01-22 03:46:09,031: INFO: common: created directory at: artifacts]
[2025-01-22 03:46:09,031: INFO: common: created directory at: artifacts/data_ingestion]
[2025-01-22 03:46:09,031: INFO: data_ingestion: File already exists]
[2025-01-22 03:46:09,034: INFO: main: >>>>>> stage: Data Ingestion Stage completed<<<<<<<

x=====================================x]
[2025-01-22 03:46:09,034: INFO: main: >>>>>> stage Data Validation Stage started <<<<<<]
[2025-01-22 03:46:09,037: INFO: common: yaml file: config\config.yaml loaded successfully]
[2025-01-22 03:46:09,038: INFO: common: yaml file: params.yaml loaded successfully]
[2025-01-22 03:46:09,040: INFO: common: yaml file: schema.yaml loaded successfully]
[2025-01-22 03:46:09,041: INFO: common: created directory at: artifacts]
[2025-01-22 03:46:09,041: INFO: common: created directory at: artifacts/data_validation]
[2025-01-22 03:46:09,061: INFO: main: >>>>>> stage: Data Validation Stage completed<<<<<

x====================================x]
